{"/Users/seanmac/Desktop/recipe-app/src/App.tsx": {"path":"/Users/seanmac/Desktop/recipe-app/src/App.tsx","statementMap":{"0":{"start":{"line":1,"column":0},"end":{"line":1,"column":19}},"1":{"start":{"line":2,"column":0},"end":{"line":2,"column":64}},"2":{"start":{"line":3,"column":0},"end":{"line":3,"column":37}},"3":{"start":{"line":5,"column":12},"end":{"line":15,"column":1}},"4":{"start":{"line":6,"column":2},"end":{"line":14,"column":4}},"5":{"start":{"line":17,"column":0},"end":{"line":17,"column":19}}},"fnMap":{"0":{"name":"(anonymous_1)","decl":{"start":{"line":5,"column":12},"end":{"line":5,"column":15}},"loc":{"start":{"line":5,"column":17},"end":{"line":15,"column":1}}}},"branchMap":{},"s":{"0":0,"1":0,"2":0,"3":0,"4":0,"5":0},"f":{"0":0},"b":{}}
,"/Users/seanmac/Desktop/recipe-app/src/vite-env.d.ts": {"path":"/Users/seanmac/Desktop/recipe-app/src/vite-env.d.ts","statementMap":{},"fnMap":{},"branchMap":{},"s":{},"f":{},"b":{}}
,"/Users/seanmac/Desktop/recipe-app/src/Components/CategorySlider/CategorySlider.tsx": {"path":"/Users/seanmac/Desktop/recipe-app/src/Components/CategorySlider/CategorySlider.tsx","statementMap":{"0":{"start":{"line":1,"column":0},"end":{"line":1,"column":44}},"1":{"start":{"line":2,"column":0},"end":{"line":2,"column":33}},"2":{"start":{"line":3,"column":0},"end":{"line":3,"column":40}},"3":{"start":{"line":4,"column":0},"end":{"line":4,"column":46}},"4":{"start":{"line":5,"column":0},"end":{"line":5,"column":26}},"5":{"start":{"line":6,"column":0},"end":{"line":6,"column":35}},"6":{"start":{"line":7,"column":0},"end":{"line":7,"column":30}},"7":{"start":{"line":10,"column":23},"end":{"line":105,"column":1}},"8":{"start":{"line":11,"column":28},"end":{"line":11,"column":57}},"9":{"start":{"line":13,"column":19},"end":{"line":50,"column":4}},"10":{"start":{"line":53,"column":2},"end":{"line":82,"column":9}},"11":{"start":{"line":54,"column":33},"end":{"line":79,"column":6}},"12":{"start":{"line":54,"column":44},"end":{"line":79,"column":6}},"13":{"start":{"line":55,"column":6},"end":{"line":78,"column":7}},"14":{"start":{"line":56,"column":29},"end":{"line":57,"column":null}},"15":{"start":{"line":59,"column":25},"end":{"line":59,"column":48}},"16":{"start":{"line":61,"column":32},"end":{"line":72,"column":null}},"17":{"start":{"line":62,"column":44},"end":{"line":72,"column":12}},"18":{"start":{"line":63,"column":33},"end":{"line":64,"column":null}},"19":{"start":{"line":66,"column":25},"end":{"line":66,"column":51}},"20":{"start":{"line":67,"column":12},"end":{"line":71,"column":14}},"21":{"start":{"line":75,"column":8},"end":{"line":75,"column":34}},"22":{"start":{"line":77,"column":8},"end":{"line":77,"column":65}},"23":{"start":{"line":81,"column":4},"end":{"line":81,"column":27}},"24":{"start":{"line":84,"column":2},"end":{"line":104,"column":4}},"25":{"start":{"line":89,"column":10},"end":{"line":89,"column":31}},"26":{"start":{"line":107,"column":0},"end":{"line":107,"column":30}}},"fnMap":{"0":{"name":"(anonymous_8)","decl":{"start":{"line":10,"column":23},"end":{"line":10,"column":26}},"loc":{"start":{"line":10,"column":28},"end":{"line":105,"column":1}}},"1":{"name":"(anonymous_9)","decl":{"start":{"line":53,"column":12},"end":{"line":53,"column":15}},"loc":{"start":{"line":53,"column":17},"end":{"line":82,"column":3}}},"2":{"name":"(anonymous_10)","decl":{"start":{"line":54,"column":33},"end":{"line":54,"column":42}},"loc":{"start":{"line":54,"column":44},"end":{"line":79,"column":6}}},"3":{"name":"(anonymous_11)","decl":{"start":{"line":54,"column":44},"end":{"line":54,"column":null}},"loc":{"start":{"line":54,"column":44},"end":{"line":79,"column":5}}},"4":{"name":"(anonymous_12)","decl":{"start":{"line":62,"column":23},"end":{"line":62,"column":30}},"loc":{"start":{"line":62,"column":44},"end":{"line":72,"column":12}}},"5":{"name":"(anonymous_13)","decl":{"start":{"line":62,"column":44},"end":{"line":62,"column":null}},"loc":{"start":{"line":62,"column":44},"end":{"line":72,"column":11}}},"6":{"name":"(anonymous_14)","decl":{"start":{"line":88,"column":19},"end":{"line":88,"column":20}},"loc":{"start":{"line":89,"column":10},"end":{"line":89,"column":31}}}},"branchMap":{},"s":{"0":0,"1":0,"2":0,"3":0,"4":0,"5":0,"6":0,"7":0,"8":0,"9":0,"10":0,"11":0,"12":0,"13":0,"14":0,"15":0,"16":0,"17":0,"18":0,"19":0,"20":0,"21":0,"22":0,"23":0,"24":0,"25":0,"26":0},"f":{"0":0,"1":0,"2":0,"3":0,"4":0,"5":0,"6":0},"b":{}}
,"/Users/seanmac/Desktop/recipe-app/src/Components/Dropdown/Dropdown.tsx": {"path":"/Users/seanmac/Desktop/recipe-app/src/Components/Dropdown/Dropdown.tsx","statementMap":{"0":{"start":{"line":2,"column":0},"end":{"line":2,"column":34}},"1":{"start":{"line":5,"column":42},"end":{"line":41,"column":1}},"2":{"start":{"line":14,"column":27},"end":{"line":17,"column":5}},"3":{"start":{"line":14,"column":52},"end":{"line":17,"column":4}},"4":{"start":{"line":19,"column":23},"end":{"line":24,"column":3}},"5":{"start":{"line":20,"column":27},"end":{"line":22,"column":10}},"6":{"start":{"line":21,"column":45},"end":{"line":21,"column":57}},"7":{"start":{"line":23,"column":4},"end":{"line":23,"column":29}},"8":{"start":{"line":26,"column":2},"end":{"line":40,"column":4}},"9":{"start":{"line":36,"column":10},"end":{"line":36,"column":47}},"10":{"start":{"line":43,"column":0},"end":{"line":43,"column":24}}},"fnMap":{"0":{"name":"(anonymous_1)","decl":{"start":{"line":5,"column":42},"end":{"line":5,"column":43}},"loc":{"start":{"line":12,"column":5},"end":{"line":41,"column":1}}},"1":{"name":"(anonymous_2)","decl":{"start":{"line":14,"column":39},"end":{"line":14,"column":40}},"loc":{"start":{"line":14,"column":52},"end":{"line":17,"column":4}}},"2":{"name":"(anonymous_3)","decl":{"start":{"line":19,"column":23},"end":{"line":19,"column":24}},"loc":{"start":{"line":19,"column":48},"end":{"line":24,"column":3}}},"3":{"name":"(anonymous_4)","decl":{"start":{"line":21,"column":28},"end":{"line":21,"column":29}},"loc":{"start":{"line":21,"column":45},"end":{"line":21,"column":57}}},"4":{"name":"(anonymous_5)","decl":{"start":{"line":35,"column":39},"end":{"line":35,"column":40}},"loc":{"start":{"line":36,"column":10},"end":{"line":36,"column":47}}}},"branchMap":{"0":{"loc":{"start":{"line":9,"column":2},"end":{"line":9,"column":34}},"type":"default-arg","locations":[{"start":{"line":9,"column":16},"end":{"line":9,"column":34}}]},"1":{"loc":{"start":{"line":10,"column":2},"end":{"line":10,"column":17}},"type":"default-arg","locations":[{"start":{"line":10,"column":12},"end":{"line":10,"column":17}}]},"2":{"loc":{"start":{"line":11,"column":2},"end":{"line":11,"column":21}},"type":"default-arg","locations":[{"start":{"line":11,"column":19},"end":{"line":11,"column":21}}]},"3":{"loc":{"start":{"line":20,"column":27},"end":{"line":22,"column":10}},"type":"cond-expr","locations":[{"start":{"line":21,"column":8},"end":{"line":21,"column":58}},{"start":{"line":22,"column":8},"end":{"line":22,"column":10}}]}},"s":{"0":1,"1":1,"2":1,"3":2,"4":1,"5":0,"6":0,"7":0,"8":1,"9":2,"10":1},"f":{"0":1,"1":2,"2":0,"3":0,"4":2},"b":{"0":[0],"1":[1],"2":[1],"3":[0,0]}}
,"/Users/seanmac/Desktop/recipe-app/src/Components/Ingredients/dropdownOptions.ts": {"path":"/Users/seanmac/Desktop/recipe-app/src/Components/Ingredients/dropdownOptions.ts","statementMap":{"0":{"start":{"line":1,"column":0},"end":{"line":1,"column":null}},"1":{"start":{"line":14,"column":25},"end":{"line":18,"column":5}},"2":{"start":{"line":15,"column":2},"end":{"line":18,"column":5}},"3":{"start":{"line":15,"column":29},"end":{"line":18,"column":4}},"4":{"start":{"line":20,"column":24},"end":{"line":71,"column":2}},"5":{"start":{"line":73,"column":0},"end":{"line":73,"column":31}}},"fnMap":{"0":{"name":"(anonymous_0)","decl":{"start":{"line":14,"column":25},"end":{"line":14,"column":26}},"loc":{"start":{"line":15,"column":2},"end":{"line":18,"column":5}}},"1":{"name":"(anonymous_1)","decl":{"start":{"line":15,"column":15},"end":{"line":15,"column":16}},"loc":{"start":{"line":15,"column":29},"end":{"line":18,"column":4}}}},"branchMap":{},"s":{"0":0,"1":0,"2":0,"3":0,"4":0,"5":0},"f":{"0":0,"1":0},"b":{}}
,"/Users/seanmac/Desktop/recipe-app/src/Components/Ingredients/ingredientKeywords.ts": {"path":"/Users/seanmac/Desktop/recipe-app/src/Components/Ingredients/ingredientKeywords.ts","statementMap":{"0":{"start":{"line":1,"column":13},"end":{"line":60,"column":2}},"1":{"start":{"line":62,"column":13},"end":{"line":93,"column":2}},"2":{"start":{"line":95,"column":13},"end":{"line":123,"column":2}},"3":{"start":{"line":125,"column":13},"end":{"line":157,"column":2}},"4":{"start":{"line":159,"column":13},"end":{"line":182,"column":2}},"5":{"start":{"line":184,"column":13},"end":{"line":219,"column":2}},"6":{"start":{"line":221,"column":13},"end":{"line":242,"column":2}},"7":{"start":{"line":244,"column":13},"end":{"line":264,"column":2}},"8":{"start":{"line":266,"column":13},"end":{"line":288,"column":2}},"9":{"start":{"line":290,"column":13},"end":{"line":310,"column":2}}},"fnMap":{},"branchMap":{},"s":{"0":0,"1":0,"2":0,"3":0,"4":0,"5":0,"6":0,"7":0,"8":0,"9":0},"f":{},"b":{}}
,"/Users/seanmac/Desktop/recipe-app/src/Components/MealSpec/MealSpec.tsx": {"path":"/Users/seanmac/Desktop/recipe-app/src/Components/MealSpec/MealSpec.tsx","statementMap":{"0":{"start":{"line":1,"column":0},"end":{"line":1,"column":40}},"1":{"start":{"line":2,"column":0},"end":{"line":2,"column":51}},"2":{"start":{"line":3,"column":0},"end":{"line":3,"column":35}},"3":{"start":{"line":8,"column":27},"end":{"line":86,"column":1}},"4":{"start":{"line":9,"column":50},"end":{"line":10,"column":null}},"5":{"start":{"line":12,"column":46},"end":{"line":12,"column":79}},"6":{"start":{"line":13,"column":42},"end":{"line":13,"column":75}},"7":{"start":{"line":16,"column":40},"end":{"line":24,"column":4}},"8":{"start":{"line":26,"column":38},"end":{"line":30,"column":4}},"9":{"start":{"line":32,"column":36},"end":{"line":37,"column":4}},"10":{"start":{"line":39,"column":2},"end":{"line":85,"column":4}},"11":{"start":{"line":56,"column":14},"end":{"line":56,"column":41}},"12":{"start":{"line":67,"column":14},"end":{"line":67,"column":39}},"13":{"start":{"line":78,"column":14},"end":{"line":78,"column":37}},"14":{"start":{"line":88,"column":0},"end":{"line":88,"column":24}}},"fnMap":{"0":{"name":"(anonymous_1)","decl":{"start":{"line":8,"column":27},"end":{"line":8,"column":30}},"loc":{"start":{"line":8,"column":32},"end":{"line":86,"column":1}}},"1":{"name":"(anonymous_2)","decl":{"start":{"line":55,"column":22},"end":{"line":55,"column":23}},"loc":{"start":{"line":56,"column":14},"end":{"line":56,"column":41}}},"2":{"name":"(anonymous_3)","decl":{"start":{"line":66,"column":22},"end":{"line":66,"column":23}},"loc":{"start":{"line":67,"column":14},"end":{"line":67,"column":39}}},"3":{"name":"(anonymous_4)","decl":{"start":{"line":77,"column":22},"end":{"line":77,"column":23}},"loc":{"start":{"line":78,"column":14},"end":{"line":78,"column":37}}}},"branchMap":{},"s":{"0":0,"1":0,"2":0,"3":0,"4":0,"5":0,"6":0,"7":0,"8":0,"9":0,"10":0,"11":0,"12":0,"13":0,"14":0},"f":{"0":0,"1":0,"2":0,"3":0},"b":{}}
,"/Users/seanmac/Desktop/recipe-app/src/Components/RecipeAccoridan/RecipeAccoridan.tsx": {"path":"/Users/seanmac/Desktop/recipe-app/src/Components/RecipeAccoridan/RecipeAccoridan.tsx","statementMap":{"0":{"start":{"line":2,"column":0},"end":{"line":2,"column":null}},"1":{"start":{"line":8,"column":0},"end":{"line":8,"column":60}},"2":{"start":{"line":11,"column":56},"end":{"line":76,"column":null}},"3":{"start":{"line":12,"column":2},"end":{"line":75,"column":null}},"4":{"start":{"line":58,"column":27},"end":{"line":58,"column":73}},"5":{"start":{"line":60,"column":12},"end":{"line":61,"column":null}},"6":{"start":{"line":79,"column":0},"end":{"line":79,"column":31}}},"fnMap":{"0":{"name":"(anonymous_1)","decl":{"start":{"line":11,"column":56},"end":{"line":11,"column":57}},"loc":{"start":{"line":12,"column":2},"end":{"line":75,"column":null}}},"1":{"name":"(anonymous_2)","decl":{"start":{"line":58,"column":18},"end":{"line":58,"column":19}},"loc":{"start":{"line":58,"column":27},"end":{"line":58,"column":73}}},"2":{"name":"(anonymous_3)","decl":{"start":{"line":59,"column":15},"end":{"line":59,"column":16}},"loc":{"start":{"line":60,"column":12},"end":{"line":61,"column":null}}}},"branchMap":{"0":{"loc":{"start":{"line":37,"column":36},"end":{"line":37,"column":63}},"type":"binary-expr","locations":[{"start":{"line":37,"column":36},"end":{"line":37,"column":54}},{"start":{"line":37,"column":58},"end":{"line":37,"column":63}}]},"1":{"loc":{"start":{"line":44,"column":9},"end":{"line":44,"column":63}},"type":"binary-expr","locations":[{"start":{"line":44,"column":9},"end":{"line":44,"column":31}},{"start":{"line":44,"column":35},"end":{"line":44,"column":63}}]},"2":{"loc":{"start":{"line":58,"column":27},"end":{"line":58,"column":73}},"type":"binary-expr","locations":[{"start":{"line":58,"column":27},"end":{"line":58,"column":58}},{"start":{"line":58,"column":62},"end":{"line":58,"column":73}}]},"3":{"loc":{"start":{"line":61,"column":19},"end":{"line":61,"column":62}},"type":"binary-expr","locations":[{"start":{"line":61,"column":19},"end":{"line":61,"column":53}},{"start":{"line":61,"column":57},"end":{"line":61,"column":62}}]}},"s":{"0":0,"1":0,"2":0,"3":0,"4":0,"5":0,"6":0},"f":{"0":0,"1":0,"2":0},"b":{"0":[0,0],"1":[0,0],"2":[0,0],"3":[0,0]}}
,"/Users/seanmac/Desktop/recipe-app/src/Components/RecipeList/RecipeList.tsx": {"path":"/Users/seanmac/Desktop/recipe-app/src/Components/RecipeList/RecipeList.tsx","statementMap":{"0":{"start":{"line":2,"column":0},"end":{"line":2,"column":65}},"1":{"start":{"line":3,"column":0},"end":{"line":3,"column":26}},"2":{"start":{"line":4,"column":0},"end":{"line":4,"column":35}},"3":{"start":{"line":7,"column":46},"end":{"line":21,"column":null}},"4":{"start":{"line":11,"column":2},"end":{"line":20,"column":null}},"5":{"start":{"line":16,"column":8},"end":{"line":16,"column":45}},"6":{"start":{"line":24,"column":0},"end":{"line":24,"column":26}}},"fnMap":{"0":{"name":"(anonymous_1)","decl":{"start":{"line":7,"column":46},"end":{"line":7,"column":47}},"loc":{"start":{"line":11,"column":2},"end":{"line":20,"column":null}}},"1":{"name":"(anonymous_2)","decl":{"start":{"line":15,"column":27},"end":{"line":15,"column":28}},"loc":{"start":{"line":16,"column":8},"end":{"line":16,"column":45}}}},"branchMap":{"0":{"loc":{"start":{"line":12,"column":5},"end":{"line":12,"column":56}},"type":"binary-expr","locations":[{"start":{"line":12,"column":5},"end":{"line":12,"column":31}},{"start":{"line":12,"column":35},"end":{"line":12,"column":56}}]},"1":{"loc":{"start":{"line":19,"column":7},"end":{"line":19,"column":78}},"type":"binary-expr","locations":[{"start":{"line":19,"column":7},"end":{"line":19,"column":35}},{"start":{"line":19,"column":39},"end":{"line":19,"column":50}},{"start":{"line":19,"column":54},"end":{"line":19,"column":78}}]}},"s":{"0":0,"1":0,"2":0,"3":0,"4":0,"5":0,"6":0},"f":{"0":0,"1":0},"b":{"0":[0,0],"1":[0,0,0]}}
,"/Users/seanmac/Desktop/recipe-app/src/Components/Title/Title.tsx": {"path":"/Users/seanmac/Desktop/recipe-app/src/Components/Title/Title.tsx","statementMap":{"0":{"start":{"line":1,"column":0},"end":{"line":1,"column":21}},"1":{"start":{"line":4,"column":36},"end":{"line":6,"column":1}},"2":{"start":{"line":5,"column":2},"end":{"line":5,"column":58}},"3":{"start":{"line":8,"column":0},"end":{"line":8,"column":21}}},"fnMap":{"0":{"name":"(anonymous_0)","decl":{"start":{"line":4,"column":36},"end":{"line":4,"column":37}},"loc":{"start":{"line":4,"column":53},"end":{"line":6,"column":1}}}},"branchMap":{},"s":{"0":0,"1":0,"2":0,"3":0},"f":{"0":0},"b":{}}
,"/Users/seanmac/Desktop/recipe-app/src/Pages/Home/Home.tsx": {"path":"/Users/seanmac/Desktop/recipe-app/src/Pages/Home/Home.tsx","statementMap":{"0":{"start":{"line":1,"column":0},"end":{"line":1,"column":44}},"1":{"start":{"line":2,"column":0},"end":{"line":2,"column":26}},"2":{"start":{"line":3,"column":0},"end":{"line":3,"column":75}},"3":{"start":{"line":4,"column":0},"end":{"line":4,"column":64}},"4":{"start":{"line":5,"column":0},"end":{"line":5,"column":58}},"5":{"start":{"line":6,"column":0},"end":{"line":6,"column":20}},"6":{"start":{"line":7,"column":0},"end":{"line":7,"column":76}},"7":{"start":{"line":8,"column":0},"end":{"line":8,"column":75}},"8":{"start":{"line":11,"column":13},"end":{"line":110,"column":1}},"9":{"start":{"line":12,"column":56},"end":{"line":12,"column":78}},"10":{"start":{"line":13,"column":32},"end":{"line":13,"column":54}},"11":{"start":{"line":14,"column":48},"end":{"line":14,"column":70}},"12":{"start":{"line":15,"column":40},"end":{"line":15,"column":55}},"13":{"start":{"line":16,"column":40},"end":{"line":16,"column":55}},"14":{"start":{"line":19,"column":2},"end":{"line":47,"column":28}},"15":{"start":{"line":20,"column":25},"end":{"line":44,"column":6}},"16":{"start":{"line":20,"column":36},"end":{"line":44,"column":6}},"17":{"start":{"line":21,"column":6},"end":{"line":21,"column":51}},"18":{"start":{"line":21,"column":44},"end":{"line":21,"column":51}},"19":{"start":{"line":23,"column":6},"end":{"line":43,"column":7}},"20":{"start":{"line":24,"column":33},"end":{"line":24,"column":62}},"21":{"start":{"line":25,"column":20},"end":{"line":25,"column":100}},"22":{"start":{"line":26,"column":25},"end":{"line":26,"column":45}},"23":{"start":{"line":27,"column":31},"end":{"line":27,"column":56}},"24":{"start":{"line":30,"column":32},"end":{"line":36,"column":null}},"25":{"start":{"line":31,"column":54},"end":{"line":36,"column":12}},"26":{"start":{"line":32,"column":34},"end":{"line":33,"column":null}},"27":{"start":{"line":35,"column":12},"end":{"line":35,"column":47}},"28":{"start":{"line":39,"column":8},"end":{"line":39,"column":36}},"29":{"start":{"line":40,"column":8},"end":{"line":40,"column":44}},"30":{"start":{"line":42,"column":8},"end":{"line":42,"column":56}},"31":{"start":{"line":46,"column":4},"end":{"line":46,"column":19}},"32":{"start":{"line":50,"column":33},"end":{"line":52,"column":3}},"33":{"start":{"line":51,"column":4},"end":{"line":51,"column":43}},"34":{"start":{"line":55,"column":30},"end":{"line":69,"column":3}},"35":{"start":{"line":56,"column":4},"end":{"line":56,"column":25}},"36":{"start":{"line":57,"column":4},"end":{"line":57,"column":25}},"37":{"start":{"line":59,"column":27},"end":{"line":67,"column":6}},"38":{"start":{"line":60,"column":32},"end":{"line":62,"column":48}},"39":{"start":{"line":61,"column":25},"end":{"line":61,"column":71}},"40":{"start":{"line":62,"column":22},"end":{"line":62,"column":47}},"41":{"start":{"line":64,"column":6},"end":{"line":66,"column":8}},"42":{"start":{"line":65,"column":8},"end":{"line":65,"column":60}},"43":{"start":{"line":68,"column":4},"end":{"line":68,"column":39}},"44":{"start":{"line":72,"column":22},"end":{"line":77,"column":3}},"45":{"start":{"line":73,"column":4},"end":{"line":73,"column":31}},"46":{"start":{"line":74,"column":4},"end":{"line":74,"column":27}},"47":{"start":{"line":75,"column":4},"end":{"line":75,"column":26}},"48":{"start":{"line":76,"column":4},"end":{"line":76,"column":26}},"49":{"start":{"line":79,"column":2},"end":{"line":109,"column":4}},"50":{"start":{"line":112,"column":0},"end":{"line":112,"column":20}}},"fnMap":{"0":{"name":"(anonymous_8)","decl":{"start":{"line":11,"column":13},"end":{"line":11,"column":16}},"loc":{"start":{"line":11,"column":18},"end":{"line":110,"column":1}}},"1":{"name":"(anonymous_9)","decl":{"start":{"line":19,"column":12},"end":{"line":19,"column":15}},"loc":{"start":{"line":19,"column":17},"end":{"line":47,"column":3}}},"2":{"name":"(anonymous_10)","decl":{"start":{"line":20,"column":25},"end":{"line":20,"column":34}},"loc":{"start":{"line":20,"column":36},"end":{"line":44,"column":6}}},"3":{"name":"(anonymous_11)","decl":{"start":{"line":20,"column":36},"end":{"line":20,"column":null}},"loc":{"start":{"line":20,"column":36},"end":{"line":44,"column":5}}},"4":{"name":"(anonymous_12)","decl":{"start":{"line":31,"column":29},"end":{"line":31,"column":36}},"loc":{"start":{"line":31,"column":54},"end":{"line":36,"column":12}}},"5":{"name":"(anonymous_13)","decl":{"start":{"line":31,"column":54},"end":{"line":31,"column":null}},"loc":{"start":{"line":31,"column":54},"end":{"line":36,"column":11}}},"6":{"name":"(anonymous_14)","decl":{"start":{"line":50,"column":33},"end":{"line":50,"column":34}},"loc":{"start":{"line":50,"column":62},"end":{"line":52,"column":3}}},"7":{"name":"(anonymous_15)","decl":{"start":{"line":55,"column":30},"end":{"line":55,"column":33}},"loc":{"start":{"line":55,"column":35},"end":{"line":69,"column":3}}},"8":{"name":"(anonymous_16)","decl":{"start":{"line":59,"column":42},"end":{"line":59,"column":43}},"loc":{"start":{"line":59,"column":53},"end":{"line":67,"column":5}}},"9":{"name":"(anonymous_17)","decl":{"start":{"line":61,"column":16},"end":{"line":61,"column":17}},"loc":{"start":{"line":61,"column":25},"end":{"line":61,"column":71}}},"10":{"name":"(anonymous_18)","decl":{"start":{"line":62,"column":13},"end":{"line":62,"column":14}},"loc":{"start":{"line":62,"column":22},"end":{"line":62,"column":47}}},"11":{"name":"(anonymous_19)","decl":{"start":{"line":64,"column":39},"end":{"line":64,"column":40}},"loc":{"start":{"line":65,"column":8},"end":{"line":65,"column":60}}},"12":{"name":"(anonymous_20)","decl":{"start":{"line":72,"column":22},"end":{"line":72,"column":25}},"loc":{"start":{"line":72,"column":27},"end":{"line":77,"column":3}}}},"branchMap":{"0":{"loc":{"start":{"line":21,"column":6},"end":{"line":21,"column":51}},"type":"if","locations":[{"start":{"line":21,"column":6},"end":{"line":21,"column":51}}]},"1":{"loc":{"start":{"line":27,"column":31},"end":{"line":27,"column":56}},"type":"binary-expr","locations":[{"start":{"line":27,"column":31},"end":{"line":27,"column":50}},{"start":{"line":27,"column":54},"end":{"line":27,"column":56}}]},"2":{"loc":{"start":{"line":61,"column":25},"end":{"line":61,"column":71}},"type":"binary-expr","locations":[{"start":{"line":61,"column":25},"end":{"line":61,"column":56}},{"start":{"line":61,"column":60},"end":{"line":61,"column":71}}]},"3":{"loc":{"start":{"line":92,"column":7},"end":{"line":95,"column":null}},"type":"binary-expr","locations":[{"start":{"line":92,"column":7},"end":{"line":92,"column":19}},{"start":{"line":93,"column":8},"end":{"line":93,"column":null}}]},"4":{"loc":{"start":{"line":97,"column":7},"end":{"line":101,"column":null}},"type":"binary-expr","locations":[{"start":{"line":97,"column":7},"end":{"line":97,"column":18}},{"start":{"line":98,"column":8},"end":{"line":100,"column":null}}]},"5":{"loc":{"start":{"line":103,"column":7},"end":{"line":106,"column":null}},"type":"binary-expr","locations":[{"start":{"line":103,"column":7},"end":{"line":103,"column":18}},{"start":{"line":104,"column":8},"end":{"line":104,"column":null}}]}},"s":{"0":0,"1":0,"2":0,"3":0,"4":0,"5":0,"6":0,"7":0,"8":0,"9":0,"10":0,"11":0,"12":0,"13":0,"14":0,"15":0,"16":0,"17":0,"18":0,"19":0,"20":0,"21":0,"22":0,"23":0,"24":0,"25":0,"26":0,"27":0,"28":0,"29":0,"30":0,"31":0,"32":0,"33":0,"34":0,"35":0,"36":0,"37":0,"38":0,"39":0,"40":0,"41":0,"42":0,"43":0,"44":0,"45":0,"46":0,"47":0,"48":0,"49":0,"50":0},"f":{"0":0,"1":0,"2":0,"3":0,"4":0,"5":0,"6":0,"7":0,"8":0,"9":0,"10":0,"11":0,"12":0},"b":{"0":[0],"1":[0,0],"2":[0,0],"3":[0,0],"4":[0,0],"5":[0,0]}}
}
