{"/Users/seanmac/Desktop/recipe-app/src/App.tsx": {"path":"/Users/seanmac/Desktop/recipe-app/src/App.tsx","statementMap":{"0":{"start":{"line":1,"column":0},"end":{"line":1,"column":19}},"1":{"start":{"line":2,"column":0},"end":{"line":2,"column":64}},"2":{"start":{"line":3,"column":0},"end":{"line":3,"column":37}},"3":{"start":{"line":5,"column":12},"end":{"line":15,"column":1}},"4":{"start":{"line":6,"column":2},"end":{"line":14,"column":4}},"5":{"start":{"line":17,"column":0},"end":{"line":17,"column":19}}},"fnMap":{"0":{"name":"(anonymous_1)","decl":{"start":{"line":5,"column":12},"end":{"line":5,"column":15}},"loc":{"start":{"line":5,"column":17},"end":{"line":15,"column":1}}}},"branchMap":{},"s":{"0":0,"1":0,"2":0,"3":0,"4":0,"5":0},"f":{"0":0},"b":{}}
,"/Users/seanmac/Desktop/recipe-app/src/vite-env.d.ts": {"path":"/Users/seanmac/Desktop/recipe-app/src/vite-env.d.ts","statementMap":{},"fnMap":{},"branchMap":{},"s":{},"f":{},"b":{}}
,"/Users/seanmac/Desktop/recipe-app/src/Components/CategorySlider/CategorySlider.tsx": {"path":"/Users/seanmac/Desktop/recipe-app/src/Components/CategorySlider/CategorySlider.tsx","statementMap":{"0":{"start":{"line":1,"column":0},"end":{"line":1,"column":44}},"1":{"start":{"line":2,"column":0},"end":{"line":2,"column":33}},"2":{"start":{"line":3,"column":0},"end":{"line":3,"column":40}},"3":{"start":{"line":4,"column":0},"end":{"line":4,"column":46}},"4":{"start":{"line":5,"column":0},"end":{"line":5,"column":26}},"5":{"start":{"line":6,"column":0},"end":{"line":6,"column":35}},"6":{"start":{"line":7,"column":0},"end":{"line":7,"column":30}},"7":{"start":{"line":18,"column":23},"end":{"line":113,"column":1}},"8":{"start":{"line":19,"column":28},"end":{"line":19,"column":57}},"9":{"start":{"line":21,"column":19},"end":{"line":58,"column":4}},"10":{"start":{"line":61,"column":2},"end":{"line":90,"column":9}},"11":{"start":{"line":62,"column":33},"end":{"line":87,"column":6}},"12":{"start":{"line":62,"column":44},"end":{"line":87,"column":6}},"13":{"start":{"line":63,"column":6},"end":{"line":86,"column":7}},"14":{"start":{"line":64,"column":29},"end":{"line":65,"column":null}},"15":{"start":{"line":67,"column":25},"end":{"line":67,"column":48}},"16":{"start":{"line":69,"column":32},"end":{"line":80,"column":null}},"17":{"start":{"line":70,"column":44},"end":{"line":80,"column":12}},"18":{"start":{"line":71,"column":33},"end":{"line":72,"column":null}},"19":{"start":{"line":74,"column":25},"end":{"line":74,"column":51}},"20":{"start":{"line":75,"column":12},"end":{"line":79,"column":14}},"21":{"start":{"line":83,"column":8},"end":{"line":83,"column":34}},"22":{"start":{"line":85,"column":8},"end":{"line":85,"column":65}},"23":{"start":{"line":89,"column":4},"end":{"line":89,"column":27}},"24":{"start":{"line":92,"column":2},"end":{"line":112,"column":4}},"25":{"start":{"line":97,"column":10},"end":{"line":97,"column":31}},"26":{"start":{"line":115,"column":0},"end":{"line":115,"column":30}}},"fnMap":{"0":{"name":"(anonymous_8)","decl":{"start":{"line":18,"column":23},"end":{"line":18,"column":26}},"loc":{"start":{"line":18,"column":28},"end":{"line":113,"column":1}}},"1":{"name":"(anonymous_9)","decl":{"start":{"line":61,"column":12},"end":{"line":61,"column":15}},"loc":{"start":{"line":61,"column":17},"end":{"line":90,"column":3}}},"2":{"name":"(anonymous_10)","decl":{"start":{"line":62,"column":33},"end":{"line":62,"column":42}},"loc":{"start":{"line":62,"column":44},"end":{"line":87,"column":6}}},"3":{"name":"(anonymous_11)","decl":{"start":{"line":62,"column":44},"end":{"line":62,"column":null}},"loc":{"start":{"line":62,"column":44},"end":{"line":87,"column":5}}},"4":{"name":"(anonymous_12)","decl":{"start":{"line":70,"column":23},"end":{"line":70,"column":30}},"loc":{"start":{"line":70,"column":44},"end":{"line":80,"column":12}}},"5":{"name":"(anonymous_13)","decl":{"start":{"line":70,"column":44},"end":{"line":70,"column":null}},"loc":{"start":{"line":70,"column":44},"end":{"line":80,"column":11}}},"6":{"name":"(anonymous_14)","decl":{"start":{"line":96,"column":19},"end":{"line":96,"column":20}},"loc":{"start":{"line":97,"column":10},"end":{"line":97,"column":31}}}},"branchMap":{},"s":{"0":0,"1":0,"2":0,"3":0,"4":0,"5":0,"6":0,"7":0,"8":0,"9":0,"10":0,"11":0,"12":0,"13":0,"14":0,"15":0,"16":0,"17":0,"18":0,"19":0,"20":0,"21":0,"22":0,"23":0,"24":0,"25":0,"26":0},"f":{"0":0,"1":0,"2":0,"3":0,"4":0,"5":0,"6":0},"b":{}}
,"/Users/seanmac/Desktop/recipe-app/src/Components/Dropdown/Dropdown.tsx": {"path":"/Users/seanmac/Desktop/recipe-app/src/Components/Dropdown/Dropdown.tsx","statementMap":{"0":{"start":{"line":2,"column":0},"end":{"line":2,"column":24}},"1":{"start":{"line":3,"column":0},"end":{"line":3,"column":51}},"2":{"start":{"line":4,"column":0},"end":{"line":4,"column":49}},"3":{"start":{"line":6,"column":27},"end":{"line":6,"column":41}},"4":{"start":{"line":19,"column":42},"end":{"line":47,"column":1}},"5":{"start":{"line":26,"column":27},"end":{"line":29,"column":5}},"6":{"start":{"line":26,"column":52},"end":{"line":29,"column":4}},"7":{"start":{"line":31,"column":2},"end":{"line":46,"column":4}},"8":{"start":{"line":39,"column":10},"end":{"line":40,"column":null}},"9":{"start":{"line":49,"column":0},"end":{"line":49,"column":24}}},"fnMap":{"0":{"name":"(anonymous_1)","decl":{"start":{"line":19,"column":42},"end":{"line":19,"column":43}},"loc":{"start":{"line":24,"column":5},"end":{"line":47,"column":1}}},"1":{"name":"(anonymous_2)","decl":{"start":{"line":26,"column":39},"end":{"line":26,"column":40}},"loc":{"start":{"line":26,"column":52},"end":{"line":29,"column":4}}},"2":{"name":"(anonymous_3)","decl":{"start":{"line":38,"column":18},"end":{"line":38,"column":19}},"loc":{"start":{"line":39,"column":10},"end":{"line":40,"column":null}}}},"branchMap":{"0":{"loc":{"start":{"line":23,"column":2},"end":{"line":23,"column":34}},"type":"default-arg","locations":[{"start":{"line":23,"column":16},"end":{"line":23,"column":34}}]},"1":{"loc":{"start":{"line":40,"column":12},"end":{"line":40,"column":74}},"type":"binary-expr","locations":[{"start":{"line":40,"column":13},"end":{"line":40,"column":68}},{"start":{"line":40,"column":72},"end":{"line":40,"column":74}}]},"2":{"loc":{"start":{"line":40,"column":13},"end":{"line":40,"column":68}},"type":"cond-expr","locations":[{"start":{"line":40,"column":27},"end":{"line":40,"column":61}},{"start":{"line":40,"column":13},"end":{"line":40,"column":68}}]},"3":{"loc":{"start":{"line":40,"column":13},"end":{"line":40,"column":61}},"type":"binary-expr","locations":[{"start":{"line":40,"column":13},"end":{"line":40,"column":63}},{"start":{"line":40,"column":13},"end":{"line":40,"column":61}}]}},"s":{"0":1,"1":1,"2":1,"3":1,"4":1,"5":1,"6":2,"7":1,"8":0,"9":1},"f":{"0":1,"1":2,"2":0},"b":{"0":[0],"1":[0,0],"2":[0,0],"3":[0,0]}}
,"/Users/seanmac/Desktop/recipe-app/src/Components/Ingredients/IngredientSelection.tsx": {"path":"/Users/seanmac/Desktop/recipe-app/src/Components/Ingredients/IngredientSelection.tsx","statementMap":{"0":{"start":{"line":1,"column":0},"end":{"line":1,"column":40}},"1":{"start":{"line":2,"column":0},"end":{"line":2,"column":44}},"2":{"start":{"line":3,"column":0},"end":{"line":3,"column":27}},"3":{"start":{"line":4,"column":0},"end":{"line":4,"column":35}},"4":{"start":{"line":5,"column":0},"end":{"line":5,"column":55}},"5":{"start":{"line":19,"column":64},"end":{"line":88,"column":1}},"6":{"start":{"line":25,"column":64},"end":{"line":25,"column":79}},"7":{"start":{"line":27,"column":4},"end":{"line":27,"column":19}},"8":{"start":{"line":29,"column":37},"end":{"line":32,"column":3}},"9":{"start":{"line":30,"column":4},"end":{"line":30,"column":47}},"10":{"start":{"line":31,"column":4},"end":{"line":31,"column":36}},"11":{"start":{"line":34,"column":43},"end":{"line":37,"column":3}},"12":{"start":{"line":35,"column":4},"end":{"line":35,"column":47}},"13":{"start":{"line":36,"column":4},"end":{"line":36,"column":42}},"14":{"start":{"line":39,"column":2},"end":{"line":87,"column":4}},"15":{"start":{"line":51,"column":14},"end":{"line":52,"column":null}},"16":{"start":{"line":74,"column":16},"end":{"line":75,"column":null}},"17":{"start":{"line":90,"column":0},"end":{"line":90,"column":35}}},"fnMap":{"0":{"name":"(anonymous_1)","decl":{"start":{"line":19,"column":64},"end":{"line":19,"column":65}},"loc":{"start":{"line":24,"column":5},"end":{"line":88,"column":1}}},"1":{"name":"(anonymous_2)","decl":{"start":{"line":29,"column":37},"end":{"line":29,"column":38}},"loc":{"start":{"line":29,"column":64},"end":{"line":32,"column":3}}},"2":{"name":"(anonymous_3)","decl":{"start":{"line":34,"column":43},"end":{"line":34,"column":44}},"loc":{"start":{"line":34,"column":70},"end":{"line":37,"column":3}}},"3":{"name":"(anonymous_4)","decl":{"start":{"line":50,"column":33},"end":{"line":50,"column":34}},"loc":{"start":{"line":51,"column":14},"end":{"line":52,"column":null}}},"4":{"name":"(anonymous_5)","decl":{"start":{"line":73,"column":35},"end":{"line":73,"column":36}},"loc":{"start":{"line":74,"column":16},"end":{"line":75,"column":null}}}},"branchMap":{"0":{"loc":{"start":{"line":63,"column":7},"end":{"line":84,"column":null}},"type":"binary-expr","locations":[{"start":{"line":63,"column":7},"end":{"line":63,"column":21}},{"start":{"line":64,"column":8},"end":{"line":83,"column":null}}]}},"s":{"0":0,"1":0,"2":0,"3":0,"4":0,"5":0,"6":0,"7":0,"8":0,"9":0,"10":0,"11":0,"12":0,"13":0,"14":0,"15":0,"16":0,"17":0},"f":{"0":0,"1":0,"2":0,"3":0,"4":0},"b":{"0":[0,0]}}
,"/Users/seanmac/Desktop/recipe-app/src/Components/Ingredients/dropdownOptions.ts": {"path":"/Users/seanmac/Desktop/recipe-app/src/Components/Ingredients/dropdownOptions.ts","statementMap":{"0":{"start":{"line":1,"column":0},"end":{"line":1,"column":null}},"1":{"start":{"line":14,"column":25},"end":{"line":18,"column":5}},"2":{"start":{"line":15,"column":2},"end":{"line":18,"column":5}},"3":{"start":{"line":15,"column":29},"end":{"line":18,"column":4}},"4":{"start":{"line":20,"column":24},"end":{"line":71,"column":2}},"5":{"start":{"line":73,"column":0},"end":{"line":73,"column":31}}},"fnMap":{"0":{"name":"(anonymous_0)","decl":{"start":{"line":14,"column":25},"end":{"line":14,"column":26}},"loc":{"start":{"line":15,"column":2},"end":{"line":18,"column":5}}},"1":{"name":"(anonymous_1)","decl":{"start":{"line":15,"column":15},"end":{"line":15,"column":16}},"loc":{"start":{"line":15,"column":29},"end":{"line":18,"column":4}}}},"branchMap":{},"s":{"0":0,"1":0,"2":0,"3":0,"4":0,"5":0},"f":{"0":0,"1":0},"b":{}}
,"/Users/seanmac/Desktop/recipe-app/src/Components/Ingredients/ingredientKeywords.ts": {"path":"/Users/seanmac/Desktop/recipe-app/src/Components/Ingredients/ingredientKeywords.ts","statementMap":{"0":{"start":{"line":1,"column":13},"end":{"line":61,"column":2}},"1":{"start":{"line":63,"column":13},"end":{"line":94,"column":2}},"2":{"start":{"line":96,"column":13},"end":{"line":124,"column":2}},"3":{"start":{"line":126,"column":13},"end":{"line":158,"column":2}},"4":{"start":{"line":160,"column":13},"end":{"line":183,"column":2}},"5":{"start":{"line":185,"column":13},"end":{"line":220,"column":2}},"6":{"start":{"line":222,"column":13},"end":{"line":243,"column":2}},"7":{"start":{"line":245,"column":13},"end":{"line":265,"column":2}},"8":{"start":{"line":267,"column":13},"end":{"line":289,"column":2}},"9":{"start":{"line":291,"column":13},"end":{"line":311,"column":2}}},"fnMap":{},"branchMap":{},"s":{"0":0,"1":0,"2":0,"3":0,"4":0,"5":0,"6":0,"7":0,"8":0,"9":0},"f":{},"b":{}}
,"/Users/seanmac/Desktop/recipe-app/src/Components/MealSpec/MealSpec.tsx": {"path":"/Users/seanmac/Desktop/recipe-app/src/Components/MealSpec/MealSpec.tsx","statementMap":{"0":{"start":{"line":2,"column":0},"end":{"line":2,"column":44}},"1":{"start":{"line":3,"column":0},"end":{"line":3,"column":24}},"2":{"start":{"line":4,"column":0},"end":{"line":4,"column":35}},"3":{"start":{"line":11,"column":42},"end":{"line":57,"column":1}},"4":{"start":{"line":13,"column":26},"end":{"line":16,"column":5}},"5":{"start":{"line":13,"column":56},"end":{"line":16,"column":4}},"6":{"start":{"line":18,"column":2},"end":{"line":56,"column":4}},"7":{"start":{"line":26,"column":33},"end":{"line":26,"column":55}},"8":{"start":{"line":59,"column":0},"end":{"line":59,"column":24}}},"fnMap":{"0":{"name":"(anonymous_1)","decl":{"start":{"line":11,"column":42},"end":{"line":11,"column":43}},"loc":{"start":{"line":11,"column":78},"end":{"line":57,"column":1}}},"1":{"name":"(anonymous_2)","decl":{"start":{"line":13,"column":41},"end":{"line":13,"column":42}},"loc":{"start":{"line":13,"column":56},"end":{"line":16,"column":4}}},"2":{"name":"(anonymous_3)","decl":{"start":{"line":26,"column":22},"end":{"line":26,"column":23}},"loc":{"start":{"line":26,"column":33},"end":{"line":26,"column":55}}},"3":{"name":"(anonymous_4)","decl":{"start":{"line":37,"column":22},"end":{"line":37,"column":25}},"loc":{"start":{"line":37,"column":27},"end":{"line":37,"column":30}}},"4":{"name":"(anonymous_5)","decl":{"start":{"line":42,"column":22},"end":{"line":42,"column":25}},"loc":{"start":{"line":42,"column":27},"end":{"line":42,"column":30}}}},"branchMap":{},"s":{"0":0,"1":0,"2":0,"3":0,"4":0,"5":0,"6":0,"7":0,"8":0},"f":{"0":0,"1":0,"2":0,"3":0,"4":0},"b":{}}
,"/Users/seanmac/Desktop/recipe-app/src/Components/RecipeAccoridan/RecipeAccoridan.tsx": {"path":"/Users/seanmac/Desktop/recipe-app/src/Components/RecipeAccoridan/RecipeAccoridan.tsx","statementMap":{"0":{"start":{"line":3,"column":0},"end":{"line":3,"column":null}},"1":{"start":{"line":9,"column":0},"end":{"line":9,"column":60}},"2":{"start":{"line":24,"column":56},"end":{"line":87,"column":null}},"3":{"start":{"line":25,"column":2},"end":{"line":86,"column":null}},"4":{"start":{"line":69,"column":27},"end":{"line":69,"column":73}},"5":{"start":{"line":71,"column":12},"end":{"line":72,"column":null}},"6":{"start":{"line":90,"column":0},"end":{"line":90,"column":31}}},"fnMap":{"0":{"name":"(anonymous_1)","decl":{"start":{"line":24,"column":56},"end":{"line":24,"column":57}},"loc":{"start":{"line":25,"column":2},"end":{"line":86,"column":null}}},"1":{"name":"(anonymous_2)","decl":{"start":{"line":69,"column":18},"end":{"line":69,"column":19}},"loc":{"start":{"line":69,"column":27},"end":{"line":69,"column":73}}},"2":{"name":"(anonymous_3)","decl":{"start":{"line":70,"column":15},"end":{"line":70,"column":16}},"loc":{"start":{"line":71,"column":12},"end":{"line":72,"column":null}}}},"branchMap":{"0":{"loc":{"start":{"line":69,"column":27},"end":{"line":69,"column":73}},"type":"binary-expr","locations":[{"start":{"line":69,"column":27},"end":{"line":69,"column":58}},{"start":{"line":69,"column":62},"end":{"line":69,"column":73}}]}},"s":{"0":0,"1":0,"2":0,"3":0,"4":0,"5":0,"6":0},"f":{"0":0,"1":0,"2":0},"b":{"0":[0,0]}}
,"/Users/seanmac/Desktop/recipe-app/src/Components/RecipeList/RecipeList.tsx": {"path":"/Users/seanmac/Desktop/recipe-app/src/Components/RecipeList/RecipeList.tsx","statementMap":{"0":{"start":{"line":2,"column":0},"end":{"line":2,"column":65}},"1":{"start":{"line":3,"column":0},"end":{"line":3,"column":26}},"2":{"start":{"line":4,"column":0},"end":{"line":4,"column":35}},"3":{"start":{"line":20,"column":20},"end":{"line":22,"column":1}},"4":{"start":{"line":21,"column":2},"end":{"line":21,"column":27}},"5":{"start":{"line":23,"column":46},"end":{"line":42,"column":null}},"6":{"start":{"line":27,"column":2},"end":{"line":41,"column":null}},"7":{"start":{"line":33,"column":8},"end":{"line":33,"column":45}},"8":{"start":{"line":45,"column":0},"end":{"line":45,"column":26}}},"fnMap":{"0":{"name":"(anonymous_1)","decl":{"start":{"line":20,"column":20},"end":{"line":20,"column":23}},"loc":{"start":{"line":20,"column":25},"end":{"line":22,"column":1}}},"1":{"name":"(anonymous_2)","decl":{"start":{"line":23,"column":46},"end":{"line":23,"column":47}},"loc":{"start":{"line":27,"column":2},"end":{"line":41,"column":null}}},"2":{"name":"(anonymous_3)","decl":{"start":{"line":32,"column":27},"end":{"line":32,"column":28}},"loc":{"start":{"line":33,"column":8},"end":{"line":33,"column":45}}}},"branchMap":{"0":{"loc":{"start":{"line":29,"column":5},"end":{"line":29,"column":56}},"type":"binary-expr","locations":[{"start":{"line":29,"column":5},"end":{"line":29,"column":31}},{"start":{"line":29,"column":35},"end":{"line":29,"column":56}}]},"1":{"loc":{"start":{"line":37,"column":7},"end":{"line":37,"column":78}},"type":"binary-expr","locations":[{"start":{"line":37,"column":7},"end":{"line":37,"column":35}},{"start":{"line":37,"column":39},"end":{"line":37,"column":50}},{"start":{"line":37,"column":54},"end":{"line":37,"column":78}}]}},"s":{"0":0,"1":0,"2":0,"3":0,"4":0,"5":0,"6":0,"7":0,"8":0},"f":{"0":0,"1":0,"2":0},"b":{"0":[0,0],"1":[0,0,0]}}
,"/Users/seanmac/Desktop/recipe-app/src/Components/Title/Title.tsx": {"path":"/Users/seanmac/Desktop/recipe-app/src/Components/Title/Title.tsx","statementMap":{"0":{"start":{"line":2,"column":0},"end":{"line":2,"column":21}},"1":{"start":{"line":8,"column":36},"end":{"line":10,"column":1}},"2":{"start":{"line":9,"column":2},"end":{"line":9,"column":58}},"3":{"start":{"line":12,"column":0},"end":{"line":12,"column":21}}},"fnMap":{"0":{"name":"(anonymous_0)","decl":{"start":{"line":8,"column":36},"end":{"line":8,"column":37}},"loc":{"start":{"line":8,"column":53},"end":{"line":10,"column":1}}}},"branchMap":{},"s":{"0":0,"1":0,"2":0,"3":0},"f":{"0":0},"b":{}}
,"/Users/seanmac/Desktop/recipe-app/src/Pages/Home/Home.tsx": {"path":"/Users/seanmac/Desktop/recipe-app/src/Pages/Home/Home.tsx","statementMap":{"0":{"start":{"line":1,"column":0},"end":{"line":1,"column":44}},"1":{"start":{"line":2,"column":0},"end":{"line":2,"column":26}},"2":{"start":{"line":3,"column":0},"end":{"line":3,"column":75}},"3":{"start":{"line":4,"column":0},"end":{"line":4,"column":64}},"4":{"start":{"line":5,"column":0},"end":{"line":5,"column":58}},"5":{"start":{"line":6,"column":0},"end":{"line":6,"column":20}},"6":{"start":{"line":7,"column":0},"end":{"line":7,"column":76}},"7":{"start":{"line":9,"column":0},"end":{"line":9,"column":75}},"8":{"start":{"line":20,"column":13},"end":{"line":147,"column":1}},"9":{"start":{"line":21,"column":46},"end":{"line":21,"column":75}},"10":{"start":{"line":22,"column":60},"end":{"line":23,"column":null}},"11":{"start":{"line":25,"column":32},"end":{"line":25,"column":54}},"12":{"start":{"line":26,"column":48},"end":{"line":26,"column":70}},"13":{"start":{"line":27,"column":40},"end":{"line":27,"column":55}},"14":{"start":{"line":29,"column":42},"end":{"line":29,"column":71}},"15":{"start":{"line":30,"column":38},"end":{"line":30,"column":50}},"16":{"start":{"line":33,"column":2},"end":{"line":45,"column":9}},"17":{"start":{"line":34,"column":28},"end":{"line":43,"column":6}},"18":{"start":{"line":34,"column":39},"end":{"line":43,"column":6}},"19":{"start":{"line":35,"column":6},"end":{"line":42,"column":7}},"20":{"start":{"line":36,"column":25},"end":{"line":37,"column":null}},"21":{"start":{"line":39,"column":8},"end":{"line":39,"column":48}},"22":{"start":{"line":41,"column":8},"end":{"line":41,"column":59}},"23":{"start":{"line":44,"column":4},"end":{"line":44,"column":22}},"24":{"start":{"line":47,"column":2},"end":{"line":71,"column":21}},"25":{"start":{"line":48,"column":35},"end":{"line":68,"column":6}},"26":{"start":{"line":48,"column":46},"end":{"line":68,"column":6}},"27":{"start":{"line":49,"column":6},"end":{"line":49,"column":32}},"28":{"start":{"line":49,"column":25},"end":{"line":49,"column":32}},"29":{"start":{"line":50,"column":6},"end":{"line":50,"column":65}},"30":{"start":{"line":52,"column":6},"end":{"line":67,"column":7}},"31":{"start":{"line":54,"column":25},"end":{"line":55,"column":null}},"32":{"start":{"line":58,"column":31},"end":{"line":58,"column":56}},"33":{"start":{"line":59,"column":8},"end":{"line":59,"column":52}},"34":{"start":{"line":62,"column":8},"end":{"line":62,"column":35}},"35":{"start":{"line":63,"column":8},"end":{"line":63,"column":43}},"36":{"start":{"line":64,"column":8},"end":{"line":64,"column":68}},"37":{"start":{"line":66,"column":8},"end":{"line":66,"column":68}},"38":{"start":{"line":70,"column":4},"end":{"line":70,"column":29}},"39":{"start":{"line":74,"column":2},"end":{"line":96,"column":23}},"40":{"start":{"line":75,"column":25},"end":{"line":94,"column":6}},"41":{"start":{"line":75,"column":36},"end":{"line":94,"column":6}},"42":{"start":{"line":76,"column":6},"end":{"line":76,"column":34}},"43":{"start":{"line":76,"column":27},"end":{"line":76,"column":34}},"44":{"start":{"line":77,"column":18},"end":{"line":77,"column":96}},"45":{"start":{"line":78,"column":6},"end":{"line":93,"column":7}},"46":{"start":{"line":79,"column":25},"end":{"line":79,"column":45}},"47":{"start":{"line":80,"column":31},"end":{"line":80,"column":56}},"48":{"start":{"line":81,"column":32},"end":{"line":87,"column":null}},"49":{"start":{"line":82,"column":54},"end":{"line":87,"column":12}},"50":{"start":{"line":83,"column":34},"end":{"line":84,"column":null}},"51":{"start":{"line":86,"column":12},"end":{"line":86,"column":47}},"52":{"start":{"line":89,"column":8},"end":{"line":89,"column":36}},"53":{"start":{"line":90,"column":8},"end":{"line":90,"column":44}},"54":{"start":{"line":92,"column":8},"end":{"line":92,"column":56}},"55":{"start":{"line":95,"column":4},"end":{"line":95,"column":19}},"56":{"start":{"line":98,"column":2},"end":{"line":112,"column":39}},"57":{"start":{"line":99,"column":4},"end":{"line":102,"column":5}},"58":{"start":{"line":100,"column":6},"end":{"line":100,"column":34}},"59":{"start":{"line":101,"column":6},"end":{"line":101,"column":13}},"60":{"start":{"line":103,"column":27},"end":{"line":110,"column":6}},"61":{"start":{"line":104,"column":32},"end":{"line":106,"column":48}},"62":{"start":{"line":105,"column":25},"end":{"line":105,"column":71}},"63":{"start":{"line":106,"column":22},"end":{"line":106,"column":47}},"64":{"start":{"line":107,"column":6},"end":{"line":109,"column":8}},"65":{"start":{"line":108,"column":8},"end":{"line":108,"column":60}},"66":{"start":{"line":111,"column":4},"end":{"line":111,"column":39}},"67":{"start":{"line":114,"column":37},"end":{"line":117,"column":3}},"68":{"start":{"line":115,"column":4},"end":{"line":115,"column":38}},"69":{"start":{"line":116,"column":4},"end":{"line":116,"column":33}},"70":{"start":{"line":119,"column":37},"end":{"line":125,"column":3}},"71":{"start":{"line":120,"column":4},"end":{"line":124,"column":6}},"72":{"start":{"line":121,"column":6},"end":{"line":123,"column":43}},"73":{"start":{"line":122,"column":40},"end":{"line":122,"column":63}},"74":{"start":{"line":127,"column":2},"end":{"line":146,"column":4}},"75":{"start":{"line":149,"column":0},"end":{"line":149,"column":20}}},"fnMap":{"0":{"name":"(anonymous_8)","decl":{"start":{"line":20,"column":13},"end":{"line":20,"column":16}},"loc":{"start":{"line":20,"column":18},"end":{"line":147,"column":1}}},"1":{"name":"(anonymous_9)","decl":{"start":{"line":33,"column":12},"end":{"line":33,"column":15}},"loc":{"start":{"line":33,"column":17},"end":{"line":45,"column":3}}},"2":{"name":"(anonymous_10)","decl":{"start":{"line":34,"column":28},"end":{"line":34,"column":37}},"loc":{"start":{"line":34,"column":39},"end":{"line":43,"column":6}}},"3":{"name":"(anonymous_11)","decl":{"start":{"line":34,"column":39},"end":{"line":34,"column":null}},"loc":{"start":{"line":34,"column":39},"end":{"line":43,"column":5}}},"4":{"name":"(anonymous_12)","decl":{"start":{"line":47,"column":12},"end":{"line":47,"column":15}},"loc":{"start":{"line":47,"column":17},"end":{"line":71,"column":3}}},"5":{"name":"(anonymous_13)","decl":{"start":{"line":48,"column":35},"end":{"line":48,"column":44}},"loc":{"start":{"line":48,"column":46},"end":{"line":68,"column":6}}},"6":{"name":"(anonymous_14)","decl":{"start":{"line":48,"column":46},"end":{"line":48,"column":null}},"loc":{"start":{"line":48,"column":46},"end":{"line":68,"column":5}}},"7":{"name":"(anonymous_15)","decl":{"start":{"line":74,"column":12},"end":{"line":74,"column":15}},"loc":{"start":{"line":74,"column":17},"end":{"line":96,"column":3}}},"8":{"name":"(anonymous_16)","decl":{"start":{"line":75,"column":25},"end":{"line":75,"column":34}},"loc":{"start":{"line":75,"column":36},"end":{"line":94,"column":6}}},"9":{"name":"(anonymous_17)","decl":{"start":{"line":75,"column":36},"end":{"line":75,"column":null}},"loc":{"start":{"line":75,"column":36},"end":{"line":94,"column":5}}},"10":{"name":"(anonymous_18)","decl":{"start":{"line":82,"column":29},"end":{"line":82,"column":36}},"loc":{"start":{"line":82,"column":54},"end":{"line":87,"column":12}}},"11":{"name":"(anonymous_19)","decl":{"start":{"line":82,"column":54},"end":{"line":82,"column":null}},"loc":{"start":{"line":82,"column":54},"end":{"line":87,"column":11}}},"12":{"name":"(anonymous_20)","decl":{"start":{"line":98,"column":12},"end":{"line":98,"column":15}},"loc":{"start":{"line":98,"column":17},"end":{"line":112,"column":3}}},"13":{"name":"(anonymous_21)","decl":{"start":{"line":103,"column":42},"end":{"line":103,"column":43}},"loc":{"start":{"line":103,"column":53},"end":{"line":110,"column":5}}},"14":{"name":"(anonymous_22)","decl":{"start":{"line":105,"column":16},"end":{"line":105,"column":17}},"loc":{"start":{"line":105,"column":25},"end":{"line":105,"column":71}}},"15":{"name":"(anonymous_23)","decl":{"start":{"line":106,"column":13},"end":{"line":106,"column":14}},"loc":{"start":{"line":106,"column":22},"end":{"line":106,"column":47}}},"16":{"name":"(anonymous_24)","decl":{"start":{"line":107,"column":41},"end":{"line":107,"column":42}},"loc":{"start":{"line":108,"column":8},"end":{"line":108,"column":60}}},"17":{"name":"(anonymous_25)","decl":{"start":{"line":114,"column":37},"end":{"line":114,"column":38}},"loc":{"start":{"line":114,"column":64},"end":{"line":117,"column":3}}},"18":{"name":"(anonymous_26)","decl":{"start":{"line":119,"column":37},"end":{"line":119,"column":38}},"loc":{"start":{"line":119,"column":64},"end":{"line":125,"column":3}}},"19":{"name":"(anonymous_27)","decl":{"start":{"line":120,"column":29},"end":{"line":120,"column":30}},"loc":{"start":{"line":121,"column":6},"end":{"line":123,"column":43}}},"20":{"name":"(anonymous_28)","decl":{"start":{"line":122,"column":30},"end":{"line":122,"column":31}},"loc":{"start":{"line":122,"column":40},"end":{"line":122,"column":63}}}},"branchMap":{"0":{"loc":{"start":{"line":49,"column":6},"end":{"line":49,"column":32}},"type":"if","locations":[{"start":{"line":49,"column":6},"end":{"line":49,"column":32}}]},"1":{"loc":{"start":{"line":58,"column":31},"end":{"line":58,"column":56}},"type":"binary-expr","locations":[{"start":{"line":58,"column":31},"end":{"line":58,"column":50}},{"start":{"line":58,"column":54},"end":{"line":58,"column":56}}]},"2":{"loc":{"start":{"line":76,"column":6},"end":{"line":76,"column":34}},"type":"if","locations":[{"start":{"line":76,"column":6},"end":{"line":76,"column":34}}]},"3":{"loc":{"start":{"line":80,"column":31},"end":{"line":80,"column":56}},"type":"binary-expr","locations":[{"start":{"line":80,"column":31},"end":{"line":80,"column":50}},{"start":{"line":80,"column":54},"end":{"line":80,"column":56}}]},"4":{"loc":{"start":{"line":99,"column":4},"end":{"line":102,"column":5}},"type":"if","locations":[{"start":{"line":99,"column":4},"end":{"line":102,"column":5}}]},"5":{"loc":{"start":{"line":105,"column":25},"end":{"line":105,"column":71}},"type":"binary-expr","locations":[{"start":{"line":105,"column":25},"end":{"line":105,"column":56}},{"start":{"line":105,"column":60},"end":{"line":105,"column":71}}]},"6":{"loc":{"start":{"line":121,"column":6},"end":{"line":123,"column":43}},"type":"cond-expr","locations":[{"start":{"line":122,"column":10},"end":{"line":122,"column":64}},{"start":{"line":123,"column":10},"end":{"line":123,"column":43}}]}},"s":{"0":0,"1":0,"2":0,"3":0,"4":0,"5":0,"6":0,"7":0,"8":0,"9":0,"10":0,"11":0,"12":0,"13":0,"14":0,"15":0,"16":0,"17":0,"18":0,"19":0,"20":0,"21":0,"22":0,"23":0,"24":0,"25":0,"26":0,"27":0,"28":0,"29":0,"30":0,"31":0,"32":0,"33":0,"34":0,"35":0,"36":0,"37":0,"38":0,"39":0,"40":0,"41":0,"42":0,"43":0,"44":0,"45":0,"46":0,"47":0,"48":0,"49":0,"50":0,"51":0,"52":0,"53":0,"54":0,"55":0,"56":0,"57":0,"58":0,"59":0,"60":0,"61":0,"62":0,"63":0,"64":0,"65":0,"66":0,"67":0,"68":0,"69":0,"70":0,"71":0,"72":0,"73":0,"74":0,"75":0},"f":{"0":0,"1":0,"2":0,"3":0,"4":0,"5":0,"6":0,"7":0,"8":0,"9":0,"10":0,"11":0,"12":0,"13":0,"14":0,"15":0,"16":0,"17":0,"18":0,"19":0,"20":0},"b":{"0":[0],"1":[0,0],"2":[0],"3":[0,0],"4":[0],"5":[0,0],"6":[0,0]}}
}
