TN:
SF:src/App.tsx
FN:5,(anonymous_1)
FNF:1
FNH:0
FNDA:0,(anonymous_1)
DA:1,0
DA:2,0
DA:3,0
DA:5,0
DA:6,0
DA:17,0
LF:6
LH:0
BRF:0
BRH:0
end_of_record
TN:
SF:src/vite-env.d.ts
FNF:0
FNH:0
LF:0
LH:0
BRF:0
BRH:0
end_of_record
TN:
SF:src/Components/CategorySlider/CategorySlider.tsx
FN:10,(anonymous_8)
FN:53,(anonymous_9)
FN:54,(anonymous_10)
FN:54,(anonymous_11)
FN:62,(anonymous_12)
FN:62,(anonymous_13)
FN:88,(anonymous_14)
FNF:7
FNH:0
FNDA:0,(anonymous_8)
FNDA:0,(anonymous_9)
FNDA:0,(anonymous_10)
FNDA:0,(anonymous_11)
FNDA:0,(anonymous_12)
FNDA:0,(anonymous_13)
FNDA:0,(anonymous_14)
DA:1,0
DA:2,0
DA:3,0
DA:4,0
DA:5,0
DA:6,0
DA:7,0
DA:10,0
DA:11,0
DA:13,0
DA:53,0
DA:54,0
DA:55,0
DA:56,0
DA:59,0
DA:61,0
DA:62,0
DA:63,0
DA:66,0
DA:67,0
DA:75,0
DA:77,0
DA:81,0
DA:84,0
DA:89,0
DA:107,0
LF:26
LH:0
BRF:0
BRH:0
end_of_record
TN:
SF:src/Components/Dropdown/Dropdown.tsx
FN:5,(anonymous_1)
FN:14,(anonymous_2)
FN:19,(anonymous_3)
FN:21,(anonymous_4)
FN:35,(anonymous_5)
FNF:5
FNH:3
FNDA:1,(anonymous_1)
FNDA:2,(anonymous_2)
FNDA:0,(anonymous_3)
FNDA:0,(anonymous_4)
FNDA:2,(anonymous_5)
DA:2,1
DA:5,1
DA:14,2
DA:19,1
DA:20,0
DA:21,0
DA:23,0
DA:26,1
DA:36,2
DA:43,1
LF:10
LH:7
BRDA:9,0,0,0
BRDA:10,1,0,1
BRDA:11,2,0,1
BRDA:20,3,0,0
BRDA:20,3,1,0
BRF:5
BRH:2
end_of_record
TN:
SF:src/Components/Ingredients/dropdownOptions.ts
FN:14,(anonymous_0)
FN:15,(anonymous_1)
FNF:2
FNH:0
FNDA:0,(anonymous_0)
FNDA:0,(anonymous_1)
DA:1,0
DA:14,0
DA:15,0
DA:20,0
DA:73,0
LF:5
LH:0
BRF:0
BRH:0
end_of_record
TN:
SF:src/Components/Ingredients/ingredientKeywords.ts
FNF:0
FNH:0
DA:1,0
DA:62,0
DA:95,0
DA:125,0
DA:159,0
DA:184,0
DA:221,0
DA:244,0
DA:266,0
DA:290,0
LF:10
LH:0
BRF:0
BRH:0
end_of_record
TN:
SF:src/Components/MealSpec/MealSpec.tsx
FN:8,(anonymous_1)
FN:55,(anonymous_2)
FN:66,(anonymous_3)
FN:77,(anonymous_4)
FNF:4
FNH:0
FNDA:0,(anonymous_1)
FNDA:0,(anonymous_2)
FNDA:0,(anonymous_3)
FNDA:0,(anonymous_4)
DA:1,0
DA:2,0
DA:3,0
DA:8,0
DA:9,0
DA:12,0
DA:13,0
DA:16,0
DA:26,0
DA:32,0
DA:39,0
DA:56,0
DA:67,0
DA:78,0
DA:88,0
LF:15
LH:0
BRF:0
BRH:0
end_of_record
TN:
SF:src/Components/RecipeAccoridan/RecipeAccoridan.tsx
FN:11,(anonymous_1)
FN:58,(anonymous_2)
FN:59,(anonymous_3)
FNF:3
FNH:0
FNDA:0,(anonymous_1)
FNDA:0,(anonymous_2)
FNDA:0,(anonymous_3)
DA:2,0
DA:8,0
DA:11,0
DA:12,0
DA:58,0
DA:60,0
DA:79,0
LF:7
LH:0
BRDA:37,0,0,0
BRDA:37,0,1,0
BRDA:44,1,0,0
BRDA:44,1,1,0
BRDA:58,2,0,0
BRDA:58,2,1,0
BRDA:61,3,0,0
BRDA:61,3,1,0
BRF:8
BRH:0
end_of_record
TN:
SF:src/Components/RecipeList/RecipeList.tsx
FN:7,(anonymous_1)
FN:15,(anonymous_2)
FNF:2
FNH:0
FNDA:0,(anonymous_1)
FNDA:0,(anonymous_2)
DA:2,0
DA:3,0
DA:4,0
DA:7,0
DA:11,0
DA:16,0
DA:24,0
LF:7
LH:0
BRDA:12,0,0,0
BRDA:12,0,1,0
BRDA:19,1,0,0
BRDA:19,1,1,0
BRDA:19,1,2,0
BRF:5
BRH:0
end_of_record
TN:
SF:src/Components/Title/Title.tsx
FN:4,(anonymous_0)
FNF:1
FNH:0
FNDA:0,(anonymous_0)
DA:1,0
DA:4,0
DA:5,0
DA:8,0
LF:4
LH:0
BRF:0
BRH:0
end_of_record
TN:
SF:src/Pages/Home/Home.tsx
FN:11,(anonymous_8)
FN:19,(anonymous_9)
FN:20,(anonymous_10)
FN:20,(anonymous_11)
FN:31,(anonymous_12)
FN:31,(anonymous_13)
FN:50,(anonymous_14)
FN:55,(anonymous_15)
FN:59,(anonymous_16)
FN:61,(anonymous_17)
FN:62,(anonymous_18)
FN:64,(anonymous_19)
FN:72,(anonymous_20)
FNF:13
FNH:0
FNDA:0,(anonymous_8)
FNDA:0,(anonymous_9)
FNDA:0,(anonymous_10)
FNDA:0,(anonymous_11)
FNDA:0,(anonymous_12)
FNDA:0,(anonymous_13)
FNDA:0,(anonymous_14)
FNDA:0,(anonymous_15)
FNDA:0,(anonymous_16)
FNDA:0,(anonymous_17)
FNDA:0,(anonymous_18)
FNDA:0,(anonymous_19)
FNDA:0,(anonymous_20)
DA:1,0
DA:2,0
DA:3,0
DA:4,0
DA:5,0
DA:6,0
DA:7,0
DA:8,0
DA:11,0
DA:12,0
DA:13,0
DA:14,0
DA:15,0
DA:16,0
DA:19,0
DA:20,0
DA:21,0
DA:23,0
DA:24,0
DA:25,0
DA:26,0
DA:27,0
DA:30,0
DA:31,0
DA:32,0
DA:35,0
DA:39,0
DA:40,0
DA:42,0
DA:46,0
DA:50,0
DA:51,0
DA:55,0
DA:56,0
DA:57,0
DA:59,0
DA:60,0
DA:61,0
DA:62,0
DA:64,0
DA:65,0
DA:68,0
DA:72,0
DA:73,0
DA:74,0
DA:75,0
DA:76,0
DA:79,0
DA:112,0
LF:49
LH:0
BRDA:21,0,0,0
BRDA:27,1,0,0
BRDA:27,1,1,0
BRDA:61,2,0,0
BRDA:61,2,1,0
BRDA:92,3,0,0
BRDA:92,3,1,0
BRDA:97,4,0,0
BRDA:97,4,1,0
BRDA:103,5,0,0
BRDA:103,5,1,0
BRF:11
BRH:0
end_of_record
